150318 18:02:51 [Note] Plugin 'FEDERATED' is disabled.
InnoDB: The log sequence number in ibdata files does not match
InnoDB: the log sequence number in the ib_logfiles!
150318 18:02:52  InnoDB: Database was not shut down normally!
InnoDB: Starting crash recovery.
InnoDB: Reading tablespace information from the .ibd files...
InnoDB: Restoring possible half-written data pages from the doublewrite
InnoDB: buffer...
150318 18:02:52  InnoDB: Started; log sequence number 0 44233
150318 18:02:52 [Note] Event Scheduler: Loaded 0 events
150318 18:02:52 [Note] F:\instdb\bin\MySql\bin\mysqld: ready for connections.
Version: '5.1.51-community'  socket: ''  port: 3306  MySQL Community Server (GPL)
150318 18:07:15 [Note] F:\instdb\bin\MySql\bin\mysqld: Normal shutdown

150318 18:07:15 [Note] Event Scheduler: Purging the queue. 0 events
150318 18:07:15  InnoDB: Starting shutdown...
150318 18:07:17  InnoDB: Shutdown completed; log sequence number 0 44233
150318 18:07:17 [Note] F:\instdb\bin\MySql\bin\mysqld: Shutdown complete

150318 18:07:50 [Note] Plugin 'FEDERATED' is disabled.
150318 18:07:50  InnoDB: Started; log sequence number 0 44233
150318 18:07:51 [Note] Event Scheduler: Loaded 0 events
150318 18:07:51 [Note] F:\instdb\bin\MySql\bin\mysqld: ready for connections.
Version: '5.1.51-community'  socket: ''  port: 3306  MySQL Community Server (GPL)
